2018-05-16 11:49:07 INFO  WaitHelper:21 - waiting for element to present....
2018-05-16 11:49:07 INFO  WaitHelper:24 - element is present...
2018-05-16 11:49:08 INFO  WaitHelper:21 - waiting for element to present....
2018-05-16 11:49:08 INFO  WaitHelper:24 - element is present...
2018-05-16 11:49:14 INFO  WaitHelper:21 - waiting for element to present....
2018-05-16 11:49:14 INFO  WaitHelper:24 - element is present...
2018-05-16 11:49:14 INFO  ResourceHelper:16 - full path is: C:\Users\ajit_\workspace\GNC_PROJECT\src\main\resources\testData\excel\data.xlsx
2018-05-16 11:49:15 INFO  Login:37 - entering adas0304@gmail.com
2018-05-16 11:49:23 INFO  WaitHelper:21 - waiting for element to present....
2018-05-16 11:49:23 INFO  WaitHelper:24 - element is present...
2018-05-16 11:49:26 INFO  WaitHelper:21 - waiting for element to present....
2018-05-16 11:49:26 INFO  WaitHelper:24 - element is present...
2018-05-16 11:49:26 INFO  Login:37 - entering rimedas2015@gmail.com
2018-05-16 11:49:31 INFO  WaitHelper:21 - waiting for element to present....
2018-05-21 03:22:14 INFO  WaitHelper:22 - waiting for element to present....
2018-05-21 03:22:24 INFO  WaitHelper:25 - element is present...
2018-05-21 03:22:32 INFO  WaitHelper:22 - waiting for element to present....
2018-05-21 03:22:33 INFO  WaitHelper:25 - element is present...
2018-05-21 03:22:33 INFO  ResourceHelper:16 - full path is: C:\Users\ajit_\workspace\GNC_PROJECT\src\main\resources\testData\excel\data.xlsx
2018-05-21 03:22:41 INFO  WaitHelper:22 - waiting for element to present....
2018-05-21 15:33:16 INFO  WaitHelper:22 - waiting for element to present....
2018-05-21 15:33:22 INFO  WaitHelper:25 - element is present...
2018-05-21 15:33:30 INFO  WaitHelper:22 - waiting for element to present....
2018-05-21 15:33:30 INFO  WaitHelper:25 - element is present...
2018-05-21 15:33:31 INFO  ResourceHelper:16 - full path is: C:\Users\ajit_\workspace\GNC_PROJECT\src\main\resources\testData\excel\data1.xlsx
2018-05-21 15:33:34 INFO  WaitHelper:22 - waiting for element to present....
2018-05-21 15:33:42 INFO  WaitHelper:25 - element is present...
2018-05-21 15:33:45 INFO  WaitHelper:22 - waiting for element to present....
2018-05-21 15:33:45 INFO  WaitHelper:25 - element is present...
